<?xml version="1.0" encoding="UTF-8"?>
<!-- Generated by org.testng.reporters.JUnitReportReporter -->
<testsuite hostname="AcerNitro" failures="0" tests="12" name="DataDriven.Excel.ExcelTest" time="0.762" errors="0" timestamp="2025-02-04T11:13:57 IST" skipped="0">
  <testcase classname="DataDriven.Excel.ExcelTest" name="Extractdata" time="0.131"/>
  <testcase classname="DataDriven.Excel.ExcelTest" name="Extractdata" time="0.176"/>
  <testcase classname="DataDriven.Excel.ExcelTest" name="printFilteredData" time="0.004"/>
  <testcase classname="DataDriven.Excel.ExcelTest" name="printFilteredData" time="0.006"/>
  <testcase classname="DataDriven.Excel.ExcelTest" name="Extractdata" time="0.091"/>
  <testcase classname="DataDriven.Excel.ExcelTest" name="printFilteredData" time="0.004"/>
  <testcase classname="DataDriven.Excel.ExcelTest" name="Extractdata" time="0.109"/>
  <testcase classname="DataDriven.Excel.ExcelTest" name="Extractdata" time="0.132"/>
  <testcase classname="DataDriven.Excel.ExcelTest" name="Extractdata" time="0.085"/>
  <testcase classname="DataDriven.Excel.ExcelTest" name="printFilteredData" time="0.010"/>
  <testcase classname="DataDriven.Excel.ExcelTest" name="printFilteredData" time="0.010"/>
  <testcase classname="DataDriven.Excel.ExcelTest" name="printFilteredData" time="0.004"/>
</testsuite> <!-- DataDriven.Excel.ExcelTest -->
