<?xml version="1.0" encoding="UTF-8"?>
<!-- Generated by org.testng.reporters.JUnitReportReporter -->
<testsuite hostname="AcerNitro" failures="0" tests="1" name="DataDriven.Excel.ExcelTest" time="0.740" errors="0" timestamp="2025-02-03T00:45:40 IST" skipped="0">
  <testcase classname="DataDriven.Excel.ExcelTest" name="useTestINAccountNames" time="0.740"/>
</testsuite> <!-- DataDriven.Excel.ExcelTest -->
